T126DC 000:001.658   SEGGER J-Link V8.92 Log File
T126DC 000:001.766   DLL Compiled: Dec  3 2025 16:42:11
T126DC 000:001.772   Logging started @ 2026-01-20 20:29
T126DC 000:001.776   Process: C:\Users\amana\.eclipse\com.renesas.platform_1213781633\DebugComp\RA\e2-server-gdb.exe
T126DC 000:001.785 - 1.781ms 
T126DC 000:001.797 JLINK_GetDLLVersion()
T126DC 000:001.802 - 0.005ms returns 89200
T126DC 000:003.750 JLINK_OpenEx(...)
T126DC 000:010.887   Firmware: J-Link OB-RA4M2 compiled Dec 10 2025 15:52:53
T126DC 000:012.751   Firmware: J-Link OB-RA4M2 compiled Dec 10 2025 15:52:53
T126DC 000:051.725   Hardware: V1.00
T126DC 000:051.748   S/N: 1084013481
T126DC 000:051.757   OEM: SEGGER
T126DC 000:051.765   Feature(s): None
T126DC 000:053.300   Bootloader: 2021 May 14
T126DC 000:054.719   USB speed mode: Full speed (12 MBit/s)
T126DC 000:055.880   TELNET listener socket opened on port 19021
T126DC 000:056.001   WEBSRV WEBSRV_Init(): Starting webserver thread(s)
T126DC 000:056.168   WEBSRV Webserver running on local port 19080
T126DC 000:056.277   Looking for J-Link GUI Server exe at: C:\Users\amana\.eclipse\com.renesas.platform_1213781633\DebugComp\RA\ARM\Segger_v8.92.0\JLinkGUIServer.exe
T126DC 000:056.374   Looking for J-Link GUI Server exe at: C:\Program Files\SEGGER\JLink_V896\JLinkGUIServer.exe
T126DC 000:056.412   Forking J-Link GUI Server: C:\Program Files\SEGGER\JLink_V896\JLinkGUIServer.exe
T126DC 000:076.963   J-Link GUI Server info: "J-Link GUI server V8.96 "
T126DC 000:083.117 - 79.362ms returns "O.K."
T126DC 000:083.198 JLINK_TIF_Select(JLINKARM_TIF_SWD)
T126DC 000:084.792 - 1.596ms returns 0x00
T126DC 000:084.820 JLINK_ClrRESET()
T126DC 000:085.304 - 0.483ms 
T126DC 000:135.483 JLINK_SetSpeed(1500)
T126DC 000:135.618 - 0.142ms 
T126DC 000:136.012 JLINK_CORESIGHT_Configure(PerformTIFInit=0)
T126DC 000:136.716 - 0.704ms returns 0
T126DC 000:136.733 JLINK_CORESIGHT_ReadAPDPReg(DP reg 0x00)
T126DC 000:137.722   Value=0x6BA02477
T126DC 000:137.735 - 1.003ms returns 0
T126DC 000:137.745 JLINK_CORESIGHT_WriteAPDPReg(DP reg 0x00, 0x0000001F)
T126DC 000:138.298 - 0.553ms returns 0
T126DC 000:138.311 JLINK_CORESIGHT_ReadAPDPReg(DP reg 0x00)
T126DC 000:138.723   Value=0x6BA02477
T126DC 000:138.739 - 0.428ms returns 0
T126DC 000:138.748 JLINK_CORESIGHT_WriteAPDPReg(DP reg 0x02, 0x00000000)
T126DC 000:139.298 - 0.549ms returns 0
T126DC 000:139.313 JLINK_CORESIGHT_WriteAPDPReg(DP reg 0x01, 0x50000000)
T126DC 000:139.720 - 0.407ms returns 0
T126DC 000:139.735 JLINK_CORESIGHT_ReadAPDPReg(DP reg 0x01)
T126DC 000:140.296   Value=0xF0000040
T126DC 000:140.305 - 0.569ms returns 0
T126DC 000:140.311 JLINK_CORESIGHT_WriteAPDPReg(DP reg 0x00, 0x0000001F)
T126DC 000:140.716 - 0.404ms returns 0
T126DC 000:140.725 JLINK_CORESIGHT_ReadAPDPReg(DP reg 0x00)
T126DC 000:141.325   Value=0x6BA02477
T126DC 000:141.335 - 0.610ms returns 0
T126DC 000:141.343 JLINK_CORESIGHT_WriteAPDPReg(DP reg 0x01, 0x54000000)
T126DC 000:141.721 - 0.377ms returns 0
T126DC 000:141.739 JLINK_CORESIGHT_WriteAPDPReg(DP reg 0x01, 0x50000F00)
T126DC 000:142.298 - 0.558ms returns 0
T126DC 000:142.311 JLINK_CORESIGHT_WriteAPDPReg(DP reg 0x02, 0x01000000)
T126DC 000:142.717 - 0.405ms returns 0
T126DC 000:142.728 JLINK_CORESIGHT_WriteAPDPReg(AP reg 0x00, 0x80000002)
T126DC 000:143.296 - 0.568ms returns 0
T126DC 000:143.304 JLINK_CORESIGHT_WriteAPDPReg(AP reg 0x01, 0x80011100)
T126DC 000:143.717 - 0.412ms returns 0
T126DC 000:143.726 JLINK_CORESIGHT_WriteAPDPReg(AP reg 0x03, 0x000000A5)
T126DC 000:144.301 - 0.574ms returns 0
T126DC 000:144.315 JLINK_CORESIGHT_WriteAPDPReg(AP reg 0x00, 0x80000002)
T126DC 000:144.720 - 0.405ms returns 0
T126DC 000:144.738 JLINK_CORESIGHT_WriteAPDPReg(AP reg 0x01, 0x80011100)
T126DC 000:145.298 - 0.561ms returns 0
T126DC 000:145.312 JLINK_CORESIGHT_ReadAPDPReg(AP reg 0x03)
T126DC 000:145.715   Value=0x000000A5
T126DC 000:145.725 - 0.413ms returns 0
T126DC 000:145.732 JLINK_ClrTMS()
T126DC 000:145.784 - 0.051ms 
T126DC 000:150.830 JLINK_SetTCK()
T126DC 000:150.910 - 0.080ms returns 0
T126DC 000:156.331 JLINK_SetRESET()
T126DC 000:156.430 - 0.099ms 
T126DC 000:356.943 JLINK_CORESIGHT_WriteAPDPReg(AP reg 0x00, 0x80000002)
T126DC 000:357.292 - 0.349ms returns 0
T126DC 000:357.309 JLINK_CORESIGHT_WriteAPDPReg(AP reg 0x01, 0x80011100)
T126DC 000:357.704 - 0.395ms returns 0
T126DC 000:357.714 JLINK_CORESIGHT_ReadAPDPReg(AP reg 0x03)
T126DC 000:358.284   Value=0x00000000
T126DC 000:358.294 - 0.580ms returns 0
T126DC 000:358.302 JLINK_CORESIGHT_WriteAPDPReg(AP reg 0x00, 0x80000002)
T126DC 000:359.318 - 1.015ms returns 0
T126DC 000:359.331 JLINK_CORESIGHT_WriteAPDPReg(AP reg 0x01, 0x80011140)
T126DC 000:359.715 - 0.383ms returns 0
T126DC 000:359.730 JLINK_CORESIGHT_ReadAPDPReg(AP reg 0x03)
T126DC 000:360.287   Value=0x00000002
T126DC 000:360.297 - 0.567ms returns 0
T126DC 000:360.305 JLINK_CORESIGHT_WriteAPDPReg(AP reg 0x00, 0x80000002)
T126DC 000:363.287 - 2.982ms returns 0
T126DC 000:363.304 JLINK_CORESIGHT_WriteAPDPReg(AP reg 0x01, 0x80011120)
T126DC 000:363.707 - 0.403ms returns 0
T126DC 000:363.719 JLINK_CORESIGHT_WriteAPDPReg(AP reg 0x03, 0x00000055)
T126DC 000:364.707 - 0.988ms returns 0
T126DC 000:364.726 JLINK_CORESIGHT_WriteAPDPReg(AP reg 0x00, 0x80000002)
T126DC 000:365.284 - 0.557ms returns 0
T126DC 000:365.297 JLINK_CORESIGHT_WriteAPDPReg(AP reg 0x01, 0x80011140)
T126DC 000:366.285 - 0.988ms returns 0
T126DC 000:366.300 JLINK_CORESIGHT_ReadAPDPReg(AP reg 0x03)
T126DC 000:367.287   Value=0x00000002
T126DC 000:367.299 - 0.998ms returns 0
T126DC 000:367.309 JLINK_CORESIGHT_ReadAPDPReg(AP reg 0x03)
T126DC 000:367.704   Value=0x00000002
T126DC 000:367.713 - 0.403ms returns 0
T126DC 000:367.723 JLINK_CORESIGHT_ReadAPDPReg(AP reg 0x03)
T126DC 000:368.707   Value=0x00000002
T126DC 000:368.717 - 0.994ms returns 0
T126DC 000:368.729 JLINK_CORESIGHT_ReadAPDPReg(AP reg 0x03)
T126DC 000:369.297   Value=0x00000002
T126DC 000:369.305 - 0.576ms returns 0
T126DC 000:369.316 JLINK_CORESIGHT_ReadAPDPReg(AP reg 0x03)
T126DC 000:369.713   Value=0x00000002
T126DC 000:369.724 - 0.408ms returns 0
T126DC 000:369.736 JLINK_CORESIGHT_ReadAPDPReg(AP reg 0x03)
T126DC 000:370.284   Value=0x00000002
T126DC 000:370.294 - 0.558ms returns 0
T126DC 000:370.305 JLINK_CORESIGHT_ReadAPDPReg(AP reg 0x03)
T126DC 000:370.706   Value=0x00000002
T126DC 000:370.724 - 0.418ms returns 0
T126DC 000:370.739 JLINK_CORESIGHT_ReadAPDPReg(AP reg 0x03)
T126DC 000:371.283   Value=0x00000002
T126DC 000:371.293 - 0.554ms returns 0
T126DC 000:371.305 JLINK_CORESIGHT_ReadAPDPReg(AP reg 0x03)
T126DC 000:371.716   Value=0x00000002
T126DC 000:371.733 - 0.428ms returns 0
T126DC 000:371.748 JLINK_CORESIGHT_ReadAPDPReg(AP reg 0x03)
T126DC 000:372.289   Value=0x00000002
T126DC 000:372.304 - 0.555ms returns 0
T126DC 000:372.318 JLINK_CORESIGHT_ReadAPDPReg(AP reg 0x03)
T126DC 000:372.706   Value=0x00000002
T126DC 000:372.717 - 0.399ms returns 0
T126DC 000:372.729 JLINK_CORESIGHT_ReadAPDPReg(AP reg 0x03)
T126DC 000:373.281   Value=0x00000002
T126DC 000:373.290 - 0.561ms returns 0
T126DC 000:373.300 JLINK_CORESIGHT_ReadAPDPReg(AP reg 0x03)
T126DC 000:374.281   Value=0x00000002
T126DC 000:374.290 - 0.989ms returns 0
T126DC 000:374.300 JLINK_CORESIGHT_ReadAPDPReg(AP reg 0x03)
T126DC 000:375.285   Value=0x00000002
T126DC 000:375.297 - 0.996ms returns 0
T126DC 000:375.309 JLINK_CORESIGHT_ReadAPDPReg(AP reg 0x03)
T126DC 000:375.705   Value=0x00000002
T126DC 000:375.718 - 0.409ms returns 0
T126DC 000:375.732 JLINK_CORESIGHT_ReadAPDPReg(AP reg 0x03)
T126DC 000:376.286   Value=0x00000002
T126DC 000:376.300 - 0.568ms returns 0
T126DC 000:376.314 JLINK_CORESIGHT_ReadAPDPReg(AP reg 0x03)
T126DC 000:376.703   Value=0x00000000
T126DC 000:376.712 - 0.397ms returns 0
T126DC 000:376.722 JLINK_CORESIGHT_WriteAPDPReg(AP reg 0x00, 0x80000002)
T126DC 000:377.705 - 0.982ms returns 0
T126DC 000:377.723 JLINK_CORESIGHT_WriteAPDPReg(AP reg 0x01, 0x80011130)
T126DC 000:378.284 - 0.560ms returns 0
T126DC 000:378.304 JLINK_CORESIGHT_ReadAPDPReg(AP reg 0x03)
T126DC 000:378.720   Value=0x000000C6
T126DC 000:378.732 - 0.428ms returns 0
T126DC 000:379.109 JLINK_CORESIGHT_WriteAPDPReg(AP reg 0x00, 0x80000002)
T126DC 000:379.283 - 0.174ms returns 0
T126DC 000:379.292 JLINK_CORESIGHT_WriteAPDPReg(AP reg 0x01, 0x80011140)
T126DC 000:379.705 - 0.412ms returns 0
T126DC 000:379.715 JLINK_CORESIGHT_ReadAPDPReg(AP reg 0x03)
T126DC 000:380.281   Value=0x00000002
T126DC 000:380.290 - 0.574ms returns 0
T126DC 000:380.296 JLINK_CORESIGHT_WriteAPDPReg(AP reg 0x00, 0x80000002)
T126DC 000:380.702 - 0.406ms returns 0
T126DC 000:380.712 JLINK_CORESIGHT_WriteAPDPReg(AP reg 0x01, 0x80011120)
T126DC 000:381.281 - 0.569ms returns 0
T126DC 000:381.290 JLINK_CORESIGHT_WriteAPDPReg(AP reg 0x03, 0x3A010001)
T126DC 000:381.706 - 0.415ms returns 0
T126DC 000:381.717 JLINK_CORESIGHT_WriteAPDPReg(AP reg 0x00, 0x80000002)
T126DC 000:382.709 - 0.991ms returns 0
T126DC 000:382.723 JLINK_CORESIGHT_WriteAPDPReg(AP reg 0x01, 0x80011140)
T126DC 000:383.283 - 0.560ms returns 0
T126DC 000:383.294 JLINK_CORESIGHT_ReadAPDPReg(AP reg 0x03)
T126DC 000:383.704   Value=0x00000002
T126DC 000:383.713 - 0.419ms returns 0
T126DC 000:383.720 JLINK_CORESIGHT_WriteAPDPReg(AP reg 0x00, 0x80000002)
T126DC 000:384.282 - 0.562ms returns 0
T126DC 000:384.291 JLINK_CORESIGHT_WriteAPDPReg(AP reg 0x01, 0x80011120)
T126DC 000:384.706 - 0.414ms returns 0
T126DC 000:384.719 JLINK_CORESIGHT_WriteAPDPReg(AP reg 0x03, 0x000003C5)
T126DC 000:385.702 - 0.983ms returns 0
T126DC 000:385.712 JLINK_CORESIGHT_WriteAPDPReg(AP reg 0x00, 0x80000002)
T126DC 000:386.281 - 0.569ms returns 0
T126DC 000:386.290 JLINK_CORESIGHT_WriteAPDPReg(AP reg 0x01, 0x80011140)
T126DC 000:386.706 - 0.416ms returns 0
T126DC 000:386.719 JLINK_CORESIGHT_ReadAPDPReg(AP reg 0x03)
T126DC 000:387.703   Value=0x00000002
T126DC 000:387.715 - 0.996ms returns 0
T126DC 000:387.723 JLINK_CORESIGHT_ReadAPDPReg(AP reg 0x03)
T126DC 000:388.293   Value=0x00000002
T126DC 000:388.303 - 0.580ms returns 0
T126DC 000:388.309 JLINK_CORESIGHT_ReadAPDPReg(AP reg 0x03)
T126DC 000:388.705   Value=0x00000000
T126DC 000:388.716 - 0.407ms returns 0
T126DC 000:388.724 JLINK_CORESIGHT_WriteAPDPReg(AP reg 0x00, 0x80000002)
T126DC 000:390.706 - 1.982ms returns 0
T126DC 000:390.719 JLINK_CORESIGHT_WriteAPDPReg(AP reg 0x01, 0x80011130)
T126DC 000:391.708 - 0.988ms returns 0
T126DC 000:391.721 JLINK_CORESIGHT_ReadAPDPReg(AP reg 0x03)
T126DC 000:392.287   Value=0x3A2A0081
T126DC 000:392.300 - 0.578ms returns 0
T126DC 000:392.309 JLINK_CORESIGHT_WriteAPDPReg(AP reg 0x00, 0x80000002)
T126DC 000:392.705 - 0.396ms returns 0
T126DC 000:392.717 JLINK_CORESIGHT_WriteAPDPReg(AP reg 0x01, 0x80011140)
T126DC 000:393.704 - 0.987ms returns 0
T126DC 000:393.714 JLINK_CORESIGHT_ReadAPDPReg(AP reg 0x03)
T126DC 000:394.286   Value=0x00000000
T126DC 000:394.295 - 0.580ms returns 0
T126DC 000:394.302 JLINK_CORESIGHT_WriteAPDPReg(AP reg 0x00, 0x80000002)
T126DC 000:395.290 - 0.987ms returns 0
T126DC 000:395.305 JLINK_CORESIGHT_WriteAPDPReg(AP reg 0x01, 0x80011130)
T126DC 000:395.703 - 0.398ms returns 0
T126DC 000:395.713 JLINK_CORESIGHT_ReadAPDPReg(AP reg 0x03)
T126DC 000:396.281   Value=0x808D5B00
T126DC 000:396.291 - 0.578ms returns 0
T126DC 000:396.298 JLINK_CORESIGHT_WriteAPDPReg(AP reg 0x00, 0x80000002)
T126DC 000:397.291 - 0.992ms returns 0
T126DC 000:397.304 JLINK_CORESIGHT_WriteAPDPReg(AP reg 0x01, 0x80011140)
T126DC 000:397.705 - 0.402ms returns 0
T126DC 000:397.716 JLINK_CORESIGHT_ReadAPDPReg(AP reg 0x03)
T126DC 000:398.285   Value=0x00000000
T126DC 000:398.295 - 0.578ms returns 0
T126DC 000:398.303 JLINK_CORESIGHT_WriteAPDPReg(AP reg 0x00, 0x80000002)
T126DC 000:398.704 - 0.401ms returns 0
T126DC 000:398.714 JLINK_CORESIGHT_WriteAPDPReg(AP reg 0x01, 0x80011130)
T126DC 000:399.282 - 0.567ms returns 0
T126DC 000:399.290 JLINK_CORESIGHT_ReadAPDPReg(AP reg 0x03)
T126DC 000:399.708   Value=0x0406070A
T126DC 000:399.726 - 0.436ms returns 0
T126DC 000:399.736 JLINK_CORESIGHT_WriteAPDPReg(AP reg 0x00, 0x80000002)
T126DC 000:400.302 - 0.566ms returns 0
T126DC 000:400.314 JLINK_CORESIGHT_WriteAPDPReg(AP reg 0x01, 0x80011140)
T126DC 000:400.704 - 0.389ms returns 0
T126DC 000:400.715 JLINK_CORESIGHT_ReadAPDPReg(AP reg 0x03)
T126DC 000:401.283   Value=0x00000000
T126DC 000:401.291 - 0.576ms returns 0
T126DC 000:401.298 JLINK_CORESIGHT_WriteAPDPReg(AP reg 0x00, 0x80000002)
T126DC 000:401.705 - 0.406ms returns 0
T126DC 000:401.715 JLINK_CORESIGHT_WriteAPDPReg(AP reg 0x01, 0x80011130)
T126DC 000:402.291 - 0.575ms returns 0
T126DC 000:402.308 JLINK_CORESIGHT_ReadAPDPReg(AP reg 0x03)
T126DC 000:402.709   Value=0x3254540B
T126DC 000:402.722 - 0.414ms returns 0
T126DC 000:402.729 JLINK_CORESIGHT_WriteAPDPReg(AP reg 0x00, 0x80000002)
T126DC 000:403.289 - 0.559ms returns 0
T126DC 000:403.302 JLINK_CORESIGHT_WriteAPDPReg(AP reg 0x01, 0x80011140)
T126DC 000:403.709 - 0.406ms returns 0
T126DC 000:403.723 JLINK_CORESIGHT_ReadAPDPReg(AP reg 0x03)
T126DC 000:404.288   Value=0x00000000
T126DC 000:404.320 - 0.596ms returns 0
T126DC 000:404.337 JLINK_CORESIGHT_WriteAPDPReg(AP reg 0x00, 0x80000002)
T126DC 000:404.709 - 0.372ms returns 0
T126DC 000:404.726 JLINK_CORESIGHT_WriteAPDPReg(AP reg 0x01, 0x80011130)
T126DC 000:405.285 - 0.559ms returns 0
T126DC 000:405.303 JLINK_CORESIGHT_ReadAPDPReg(AP reg 0x03)
T126DC 000:405.702   Value=0x54CAE659
T126DC 000:405.712 - 0.409ms returns 0
T126DC 000:405.722 JLINK_CORESIGHT_WriteAPDPReg(AP reg 0x00, 0x80000002)
T126DC 000:406.704 - 0.981ms returns 0
T126DC 000:406.719 JLINK_CORESIGHT_WriteAPDPReg(AP reg 0x01, 0x80011140)
T126DC 000:407.290 - 0.570ms returns 0
T126DC 000:407.313 JLINK_CORESIGHT_ReadAPDPReg(AP reg 0x03)
T126DC 000:407.715   Value=0x00000000
T126DC 000:407.729 - 0.415ms returns 0
T126DC 000:407.741 JLINK_CORESIGHT_WriteAPDPReg(AP reg 0x00, 0x80000002)
T126DC 000:408.291 - 0.550ms returns 0
T126DC 000:408.306 JLINK_CORESIGHT_WriteAPDPReg(AP reg 0x01, 0x80011130)
T126DC 000:408.707 - 0.401ms returns 0
T126DC 000:408.720 JLINK_CORESIGHT_ReadAPDPReg(AP reg 0x03)
T126DC 000:409.703   Value=0x34325736
T126DC 000:409.715 - 0.994ms returns 0
T126DC 000:409.726 JLINK_CORESIGHT_WriteAPDPReg(AP reg 0x00, 0x80000002)
T126DC 000:410.284 - 0.557ms returns 0
T126DC 000:410.300 JLINK_CORESIGHT_WriteAPDPReg(AP reg 0x01, 0x80011140)
T126DC 000:410.862 - 0.561ms returns 0
T126DC 000:410.880 JLINK_CORESIGHT_ReadAPDPReg(AP reg 0x03)
T126DC 000:411.289   Value=0x00000000
T126DC 000:411.299 - 0.419ms returns 0
T126DC 000:411.312 JLINK_CORESIGHT_WriteAPDPReg(AP reg 0x00, 0x80000002)
T126DC 000:411.706 - 0.393ms returns 0
T126DC 000:411.723 JLINK_CORESIGHT_WriteAPDPReg(AP reg 0x01, 0x80011130)
T126DC 000:412.298 - 0.574ms returns 0
T126DC 000:412.318 JLINK_CORESIGHT_ReadAPDPReg(AP reg 0x03)
T126DC 000:412.704   Value=0x7F0A2D30
T126DC 000:412.714 - 0.396ms returns 0
T126DC 000:412.725 JLINK_CORESIGHT_WriteAPDPReg(AP reg 0x00, 0x80000002)
T126DC 000:413.281 - 0.556ms returns 0
T126DC 000:413.293 JLINK_CORESIGHT_WriteAPDPReg(AP reg 0x01, 0x80011140)
T126DC 000:413.704 - 0.411ms returns 0
T126DC 000:413.721 JLINK_CORESIGHT_ReadAPDPReg(AP reg 0x03)
T126DC 000:415.703   Value=0x00000000
T126DC 000:415.715 - 1.994ms returns 0
T126DC 000:415.728 JLINK_CORESIGHT_WriteAPDPReg(AP reg 0x00, 0x80000002)
T126DC 000:416.283 - 0.555ms returns 0
T126DC 000:416.298 JLINK_CORESIGHT_WriteAPDPReg(AP reg 0x01, 0x80011130)
T126DC 000:416.705 - 0.407ms returns 0
T126DC 000:416.721 JLINK_CORESIGHT_ReadAPDPReg(AP reg 0x03)
T126DC 000:418.703   Value=0x4B375289
T126DC 000:418.715 - 1.994ms returns 0
T126DC 000:418.727 JLINK_CORESIGHT_WriteAPDPReg(AP reg 0x00, 0x80000002)
T126DC 000:419.281 - 0.553ms returns 0
T126DC 000:419.293 JLINK_CORESIGHT_WriteAPDPReg(AP reg 0x01, 0x80011140)
T126DC 000:419.707 - 0.413ms returns 0
T126DC 000:419.728 JLINK_CORESIGHT_ReadAPDPReg(AP reg 0x03)
T126DC 000:420.283   Value=0x00000000
T126DC 000:420.294 - 0.566ms returns 0
T126DC 000:420.307 JLINK_CORESIGHT_WriteAPDPReg(AP reg 0x00, 0x80000002)
T126DC 000:420.704 - 0.396ms returns 0
T126DC 000:420.717 JLINK_CORESIGHT_WriteAPDPReg(AP reg 0x01, 0x80011130)
T126DC 000:421.708 - 0.991ms returns 0
T126DC 000:421.734 JLINK_CORESIGHT_ReadAPDPReg(AP reg 0x03)
T126DC 000:422.282   Value=0x31503841
T126DC 000:422.293 - 0.559ms returns 0
T126DC 000:422.306 JLINK_CORESIGHT_WriteAPDPReg(AP reg 0x00, 0x80000002)
T126DC 000:422.703 - 0.397ms returns 0
T126DC 000:422.720 JLINK_CORESIGHT_WriteAPDPReg(AP reg 0x01, 0x80011140)
T126DC 000:423.280 - 0.560ms returns 0
T126DC 000:423.293 JLINK_CORESIGHT_ReadAPDPReg(AP reg 0x03)
T126DC 000:423.712   Value=0x00000000
T126DC 000:423.722 - 0.429ms returns 0
T126DC 000:423.733 JLINK_CORESIGHT_WriteAPDPReg(AP reg 0x00, 0x80000002)
T126DC 000:424.282 - 0.549ms returns 0
T126DC 000:424.294 JLINK_CORESIGHT_WriteAPDPReg(AP reg 0x01, 0x80011130)
T126DC 000:425.284 - 0.989ms returns 0
T126DC 000:425.305 JLINK_CORESIGHT_ReadAPDPReg(AP reg 0x03)
T126DC 000:425.702   Value=0x434C464B
T126DC 000:425.711 - 0.406ms returns 0
T126DC 000:425.721 JLINK_CORESIGHT_WriteAPDPReg(AP reg 0x00, 0x80000002)
T126DC 000:426.708 - 0.987ms returns 0
T126DC 000:426.724 JLINK_CORESIGHT_WriteAPDPReg(AP reg 0x01, 0x80011140)
T126DC 000:427.321 - 0.596ms returns 0
T126DC 000:427.334 JLINK_CORESIGHT_ReadAPDPReg(AP reg 0x03)
T126DC 000:427.707   Value=0x00000000
T126DC 000:427.721 - 0.387ms returns 0
T126DC 000:427.737 JLINK_CORESIGHT_WriteAPDPReg(AP reg 0x00, 0x80000002)
T126DC 000:428.282 - 0.545ms returns 0
T126DC 000:428.297 JLINK_CORESIGHT_WriteAPDPReg(AP reg 0x01, 0x80011130)
T126DC 000:429.284 - 0.986ms returns 0
T126DC 000:429.301 JLINK_CORESIGHT_ReadAPDPReg(AP reg 0x03)
T126DC 000:429.706   Value=0x20204341
T126DC 000:429.717 - 0.416ms returns 0
T126DC 000:429.729 JLINK_CORESIGHT_WriteAPDPReg(AP reg 0x00, 0x80000002)
T126DC 000:430.280 - 0.551ms returns 0
T126DC 000:430.293 JLINK_CORESIGHT_WriteAPDPReg(AP reg 0x01, 0x80011140)
T126DC 000:431.281 - 0.988ms returns 0
T126DC 000:431.296 JLINK_CORESIGHT_ReadAPDPReg(AP reg 0x03)
T126DC 000:431.703   Value=0x00000000
T126DC 000:431.715 - 0.419ms returns 0
T126DC 000:431.728 JLINK_CORESIGHT_WriteAPDPReg(AP reg 0x00, 0x80000002)
T126DC 000:432.283 - 0.555ms returns 0
T126DC 000:432.298 JLINK_CORESIGHT_WriteAPDPReg(AP reg 0x01, 0x80011130)
T126DC 000:433.289 - 0.991ms returns 0
T126DC 000:433.311 JLINK_CORESIGHT_ReadAPDPReg(AP reg 0x03)
T126DC 000:433.701   Value=0x0003A320
T126DC 000:433.710 - 0.399ms returns 0
T126DC 000:434.100 JLINK_CORESIGHT_WriteAPDPReg(AP reg 0x00, 0x80000002)
T126DC 000:434.282 - 0.182ms returns 0
T126DC 000:434.292 JLINK_CORESIGHT_WriteAPDPReg(AP reg 0x01, 0x80011140)
T126DC 000:434.715 - 0.423ms returns 0
T126DC 000:434.724 JLINK_CORESIGHT_ReadAPDPReg(AP reg 0x03)
T126DC 000:436.704   Value=0x00000002
T126DC 000:436.717 - 1.992ms returns 0
T126DC 000:436.724 JLINK_CORESIGHT_WriteAPDPReg(AP reg 0x00, 0x80000002)
T126DC 000:437.283 - 0.558ms returns 0
T126DC 000:437.296 JLINK_CORESIGHT_WriteAPDPReg(AP reg 0x01, 0x80011120)
T126DC 000:438.280 - 0.984ms returns 0
T126DC 000:438.290 JLINK_CORESIGHT_WriteAPDPReg(AP reg 0x03, 0x39020001)
T126DC 000:438.704 - 0.413ms returns 0
T126DC 000:438.717 JLINK_CORESIGHT_WriteAPDPReg(AP reg 0x00, 0x80000002)
T126DC 000:440.704 - 1.986ms returns 0
T126DC 000:440.717 JLINK_CORESIGHT_WriteAPDPReg(AP reg 0x01, 0x80011140)
T126DC 000:442.704 - 1.986ms returns 0
T126DC 000:442.717 JLINK_CORESIGHT_ReadAPDPReg(AP reg 0x03)
T126DC 000:444.701   Value=0x00000002
T126DC 000:444.713 - 1.995ms returns 0
T126DC 000:444.721 JLINK_CORESIGHT_WriteAPDPReg(AP reg 0x00, 0x80000002)
T126DC 000:445.282 - 0.560ms returns 0
T126DC 000:445.292 JLINK_CORESIGHT_WriteAPDPReg(AP reg 0x01, 0x80011120)
T126DC 000:446.280 - 0.988ms returns 0
T126DC 000:446.292 JLINK_CORESIGHT_WriteAPDPReg(AP reg 0x03, 0x0003B312)
T126DC 000:446.703 - 0.410ms returns 0
T126DC 000:446.714 JLINK_CORESIGHT_WriteAPDPReg(AP reg 0x00, 0x80000002)
T126DC 000:447.284 - 0.569ms returns 0
T126DC 000:447.297 JLINK_CORESIGHT_WriteAPDPReg(AP reg 0x01, 0x80011140)
T126DC 000:447.700 - 0.402ms returns 0
T126DC 000:447.709 JLINK_CORESIGHT_ReadAPDPReg(AP reg 0x03)
T126DC 000:448.285   Value=0x00000000
T126DC 000:448.298 - 0.589ms returns 0
T126DC 000:448.305 JLINK_CORESIGHT_WriteAPDPReg(AP reg 0x00, 0x80000002)
T126DC 000:448.710 - 0.404ms returns 0
T126DC 000:448.725 JLINK_CORESIGHT_WriteAPDPReg(AP reg 0x01, 0x80011130)
T126DC 000:449.282 - 0.557ms returns 0
T126DC 000:449.294 JLINK_CORESIGHT_ReadAPDPReg(AP reg 0x03)
T126DC 000:450.289   Value=0xB90A0081
T126DC 000:450.298 - 1.004ms returns 0
T126DC 000:450.305 JLINK_CORESIGHT_WriteAPDPReg(AP reg 0x00, 0x80000002)
T126DC 000:450.702 - 0.396ms returns 0
T126DC 000:450.712 JLINK_CORESIGHT_WriteAPDPReg(AP reg 0x01, 0x80011140)
T126DC 000:451.280 - 0.568ms returns 0
T126DC 000:451.291 JLINK_CORESIGHT_ReadAPDPReg(AP reg 0x03)
T126DC 000:451.702   Value=0x00000000
T126DC 000:451.713 - 0.421ms returns 0
T126DC 000:451.721 JLINK_CORESIGHT_WriteAPDPReg(AP reg 0x00, 0x80000002)
T126DC 000:452.284 - 0.562ms returns 0
T126DC 000:452.295 JLINK_CORESIGHT_WriteAPDPReg(AP reg 0x01, 0x80011130)
T126DC 000:453.282 - 0.987ms returns 0
T126DC 000:453.293 JLINK_CORESIGHT_ReadAPDPReg(AP reg 0x03)
T126DC 000:453.703   Value=0xFFFFFFC0
T126DC 000:453.714 - 0.421ms returns 0
T126DC 000:453.722 JLINK_CORESIGHT_WriteAPDPReg(AP reg 0x00, 0x80000002)
T126DC 000:454.282 - 0.559ms returns 0
T126DC 000:454.293 JLINK_CORESIGHT_WriteAPDPReg(AP reg 0x01, 0x80011140)
T126DC 000:454.699 - 0.406ms returns 0
T126DC 000:454.711 JLINK_CORESIGHT_ReadAPDPReg(AP reg 0x03)
T126DC 000:455.280   Value=0x00000000
T126DC 000:455.290 - 0.579ms returns 0
T126DC 000:455.298 JLINK_CORESIGHT_WriteAPDPReg(AP reg 0x00, 0x80000002)
T126DC 000:456.280 - 0.981ms returns 0
T126DC 000:456.292 JLINK_CORESIGHT_WriteAPDPReg(AP reg 0x01, 0x80011130)
T126DC 000:456.702 - 0.410ms returns 0
T126DC 000:456.714 JLINK_CORESIGHT_ReadAPDPReg(AP reg 0x03)
T126DC 000:457.282   Value=0xFFFFFFFF
T126DC 000:457.293 - 0.579ms returns 0
T126DC 000:457.301 JLINK_CORESIGHT_WriteAPDPReg(AP reg 0x00, 0x80000002)
T126DC 000:457.701 - 0.400ms returns 0
T126DC 000:457.713 JLINK_CORESIGHT_WriteAPDPReg(AP reg 0x01, 0x80011140)
T126DC 000:458.281 - 0.569ms returns 0
T126DC 000:458.292 JLINK_CORESIGHT_ReadAPDPReg(AP reg 0x03)
T126DC 000:458.700   Value=0x00000000
T126DC 000:458.710 - 0.417ms returns 0
T126DC 000:458.718 JLINK_CORESIGHT_WriteAPDPReg(AP reg 0x00, 0x80000002)
T126DC 000:459.281 - 0.563ms returns 0
T126DC 000:459.300 JLINK_CORESIGHT_WriteAPDPReg(AP reg 0x01, 0x80011130)
T126DC 000:459.709 - 0.409ms returns 0
T126DC 000:459.721 JLINK_CORESIGHT_ReadAPDPReg(AP reg 0x03)
T126DC 000:460.838   Value=0x000385FF
T126DC 000:460.851 - 1.130ms returns 0
T126DC 000:461.241 JLINK_CORESIGHT_WriteAPDPReg(AP reg 0x00, 0x80000002)
T126DC 000:461.701 - 0.459ms returns 0
T126DC 000:461.709 JLINK_CORESIGHT_WriteAPDPReg(AP reg 0x01, 0x80011140)
T126DC 000:462.278 - 0.569ms returns 0
T126DC 000:462.287 JLINK_CORESIGHT_ReadAPDPReg(AP reg 0x03)
T126DC 000:462.700   Value=0x00000002
T126DC 000:462.710 - 0.423ms returns 0
T126DC 000:462.718 JLINK_CORESIGHT_WriteAPDPReg(AP reg 0x00, 0x80000002)
T126DC 000:463.703 - 0.984ms returns 0
T126DC 000:463.713 JLINK_CORESIGHT_WriteAPDPReg(AP reg 0x01, 0x80011120)
T126DC 000:464.288 - 0.575ms returns 0
T126DC 000:464.306 JLINK_CORESIGHT_WriteAPDPReg(AP reg 0x03, 0x2C010001)
T126DC 000:464.702 - 0.396ms returns 0
T126DC 000:464.717 JLINK_CORESIGHT_WriteAPDPReg(AP reg 0x00, 0x80000002)
T126DC 000:466.705 - 1.987ms returns 0
T126DC 000:466.722 JLINK_CORESIGHT_WriteAPDPReg(AP reg 0x01, 0x80011140)
T126DC 000:467.286 - 0.563ms returns 0
T126DC 000:467.300 JLINK_CORESIGHT_ReadAPDPReg(AP reg 0x03)
T126DC 000:467.699   Value=0x00000002
T126DC 000:467.707 - 0.407ms returns 0
T126DC 000:467.714 JLINK_CORESIGHT_WriteAPDPReg(AP reg 0x00, 0x80000002)
T126DC 000:468.279 - 0.564ms returns 0
T126DC 000:468.288 JLINK_CORESIGHT_WriteAPDPReg(AP reg 0x01, 0x80011120)
T126DC 000:468.699 - 0.411ms returns 0
T126DC 000:468.709 JLINK_CORESIGHT_WriteAPDPReg(AP reg 0x03, 0x000003D3)
T126DC 000:469.278 - 0.569ms returns 0
T126DC 000:469.289 JLINK_CORESIGHT_WriteAPDPReg(AP reg 0x00, 0x80000002)
T126DC 000:469.701 - 0.412ms returns 0
T126DC 000:469.714 JLINK_CORESIGHT_WriteAPDPReg(AP reg 0x01, 0x80011140)
T126DC 000:470.699 - 0.985ms returns 0
T126DC 000:470.712 JLINK_CORESIGHT_ReadAPDPReg(AP reg 0x03)
T126DC 000:471.288   Value=0x00000002
T126DC 000:471.300 - 0.587ms returns 0
T126DC 000:471.307 JLINK_CORESIGHT_ReadAPDPReg(AP reg 0x03)
T126DC 000:471.699   Value=0x00000002
T126DC 000:471.707 - 0.400ms returns 0
T126DC 000:471.714 JLINK_CORESIGHT_ReadAPDPReg(AP reg 0x03)
T126DC 000:472.280   Value=0x00000002
T126DC 000:472.291 - 0.577ms returns 0
T126DC 000:472.298 JLINK_CORESIGHT_ReadAPDPReg(AP reg 0x03)
T126DC 000:472.698   Value=0x00000002
T126DC 000:472.707 - 0.408ms returns 0
T126DC 000:472.713 JLINK_CORESIGHT_ReadAPDPReg(AP reg 0x03)
T126DC 000:473.288   Value=0x00000002
T126DC 000:473.297 - 0.583ms returns 0
T126DC 000:473.303 JLINK_CORESIGHT_ReadAPDPReg(AP reg 0x03)
T126DC 000:473.701   Value=0x00000000
T126DC 000:473.711 - 0.407ms returns 0
T126DC 000:473.720 JLINK_CORESIGHT_WriteAPDPReg(AP reg 0x00, 0x80000002)
T126DC 000:474.285 - 0.565ms returns 0
T126DC 000:474.304 JLINK_CORESIGHT_WriteAPDPReg(AP reg 0x01, 0x80011130)
T126DC 000:474.701 - 0.397ms returns 0
T126DC 000:474.713 JLINK_CORESIGHT_ReadAPDPReg(AP reg 0x03)
T126DC 000:475.701   Value=0x2C020081
T126DC 000:475.712 - 0.998ms returns 0
T126DC 000:475.720 JLINK_CORESIGHT_WriteAPDPReg(AP reg 0x00, 0x80000002)
T126DC 000:476.280 - 0.559ms returns 0
T126DC 000:476.291 JLINK_CORESIGHT_WriteAPDPReg(AP reg 0x01, 0x80011140)
T126DC 000:476.702 - 0.411ms returns 0
T126DC 000:476.715 JLINK_CORESIGHT_ReadAPDPReg(AP reg 0x03)
T126DC 000:477.706   Value=0x00000000
T126DC 000:477.721 - 1.006ms returns 0
T126DC 000:477.731 JLINK_CORESIGHT_WriteAPDPReg(AP reg 0x00, 0x80000002)
T126DC 000:478.281 - 0.550ms returns 0
T126DC 000:478.293 JLINK_CORESIGHT_WriteAPDPReg(AP reg 0x01, 0x80011130)
T126DC 000:479.277 - 0.984ms returns 0
T126DC 000:479.287 JLINK_CORESIGHT_ReadAPDPReg(AP reg 0x03)
T126DC 000:479.709   Value=0x0003CE04
T126DC 000:479.727 - 0.439ms returns 0
T126DC 000:479.739 JLINK_CORESIGHT_WriteAPDPReg(AP reg 0x00, 0x80000002)
T126DC 000:480.287 - 0.547ms returns 0
T126DC 000:480.305 JLINK_CORESIGHT_WriteAPDPReg(AP reg 0x01, 0x80011140)
T126DC 000:480.703 - 0.398ms returns 0
T126DC 000:480.715 JLINK_CORESIGHT_ReadAPDPReg(AP reg 0x03)
T126DC 000:481.710   Value=0x00000002
T126DC 000:481.722 - 1.007ms returns 0
T126DC 000:481.730 JLINK_CORESIGHT_WriteAPDPReg(AP reg 0x00, 0x80000002)
T126DC 000:482.277 - 0.546ms returns 0
T126DC 000:482.285 JLINK_CORESIGHT_WriteAPDPReg(AP reg 0x01, 0x80011120)
T126DC 000:482.704 - 0.418ms returns 0
T126DC 000:482.720 JLINK_CORESIGHT_WriteAPDPReg(AP reg 0x03, 0x73010001)
T126DC 000:483.280 - 0.559ms returns 0
T126DC 000:483.291 JLINK_CORESIGHT_WriteAPDPReg(AP reg 0x00, 0x80000002)
T126DC 000:483.699 - 0.408ms returns 0
T126DC 000:483.708 JLINK_CORESIGHT_WriteAPDPReg(AP reg 0x01, 0x80011140)
T126DC 000:484.277 - 0.569ms returns 0
T126DC 000:484.285 JLINK_CORESIGHT_ReadAPDPReg(AP reg 0x03)
T126DC 000:484.699   Value=0x00000002
T126DC 000:484.712 - 0.426ms returns 0
T126DC 000:484.720 JLINK_CORESIGHT_WriteAPDPReg(AP reg 0x00, 0x80000002)
T126DC 000:485.277 - 0.557ms returns 0
T126DC 000:485.288 JLINK_CORESIGHT_WriteAPDPReg(AP reg 0x01, 0x80011120)
T126DC 000:486.277 - 0.989ms returns 0
T126DC 000:486.285 JLINK_CORESIGHT_WriteAPDPReg(AP reg 0x03, 0x0000038C)
T126DC 000:486.702 - 0.416ms returns 0
T126DC 000:486.724 JLINK_CORESIGHT_WriteAPDPReg(AP reg 0x00, 0x80000002)
T126DC 000:487.279 - 0.554ms returns 0
T126DC 000:487.294 JLINK_CORESIGHT_WriteAPDPReg(AP reg 0x01, 0x80011140)
T126DC 000:487.701 - 0.407ms returns 0
T126DC 000:487.718 JLINK_CORESIGHT_ReadAPDPReg(AP reg 0x03)
T126DC 000:489.701   Value=0x00000000
T126DC 000:489.715 - 1.996ms returns 0
T126DC 000:489.729 JLINK_CORESIGHT_WriteAPDPReg(AP reg 0x00, 0x80000002)
T126DC 000:490.280 - 0.550ms returns 0
T126DC 000:490.295 JLINK_CORESIGHT_WriteAPDPReg(AP reg 0x01, 0x80011130)
T126DC 000:490.696 - 0.401ms returns 0
T126DC 000:490.710 JLINK_CORESIGHT_ReadAPDPReg(AP reg 0x03)
T126DC 000:491.276   Value=0x73020081
T126DC 000:491.284 - 0.573ms returns 0
T126DC 000:491.294 JLINK_CORESIGHT_WriteAPDPReg(AP reg 0x00, 0x80000002)
T126DC 000:491.714 - 0.419ms returns 0
T126DC 000:491.737 JLINK_CORESIGHT_WriteAPDPReg(AP reg 0x01, 0x80011140)
T126DC 000:492.281 - 0.544ms returns 0
T126DC 000:492.302 JLINK_CORESIGHT_ReadAPDPReg(AP reg 0x03)
T126DC 000:492.697   Value=0x00000000
T126DC 000:492.707 - 0.404ms returns 0
T126DC 000:492.717 JLINK_CORESIGHT_WriteAPDPReg(AP reg 0x00, 0x80000002)
T126DC 000:493.699 - 0.982ms returns 0
T126DC 000:493.715 JLINK_CORESIGHT_WriteAPDPReg(AP reg 0x01, 0x80011130)
T126DC 000:494.701 - 0.986ms returns 0
T126DC 000:494.717 JLINK_CORESIGHT_ReadAPDPReg(AP reg 0x03)
T126DC 000:496.699   Value=0x00038902
T126DC 000:496.713 - 1.995ms returns 0
T126DC 000:496.725 JLINK_CORESIGHT_WriteAPDPReg(AP reg 0x00, 0x80000002)
T126DC 000:497.278 - 0.552ms returns 0
T126DC 000:497.296 JLINK_CORESIGHT_WriteAPDPReg(AP reg 0x01, 0x80011140)
T126DC 000:497.699 - 0.402ms returns 0
T126DC 000:497.712 JLINK_CORESIGHT_ReadAPDPReg(AP reg 0x03)
T126DC 000:498.277   Value=0x00000002
T126DC 000:498.285 - 0.573ms returns 0
T126DC 000:498.295 JLINK_CORESIGHT_WriteAPDPReg(AP reg 0x00, 0x80000002)
T126DC 000:499.278 - 0.982ms returns 0
T126DC 000:499.292 JLINK_CORESIGHT_WriteAPDPReg(AP reg 0x01, 0x80011120)
T126DC 000:500.280 - 0.987ms returns 0
T126DC 000:500.301 JLINK_CORESIGHT_WriteAPDPReg(AP reg 0x03, 0x75010001)
T126DC 000:500.700 - 0.399ms returns 0
T126DC 000:500.718 JLINK_CORESIGHT_WriteAPDPReg(AP reg 0x00, 0x80000002)
T126DC 000:501.277 - 0.558ms returns 0
T126DC 000:501.292 JLINK_CORESIGHT_WriteAPDPReg(AP reg 0x01, 0x80011140)
T126DC 000:502.280 - 0.987ms returns 0
T126DC 000:502.297 JLINK_CORESIGHT_ReadAPDPReg(AP reg 0x03)
T126DC 000:504.701   Value=0x00000002
T126DC 000:504.714 - 2.417ms returns 0
T126DC 000:504.727 JLINK_CORESIGHT_WriteAPDPReg(AP reg 0x00, 0x80000002)
T126DC 000:505.278 - 0.551ms returns 0
T126DC 000:505.293 JLINK_CORESIGHT_WriteAPDPReg(AP reg 0x01, 0x80011120)
T126DC 000:505.699 - 0.406ms returns 0
T126DC 000:505.713 JLINK_CORESIGHT_WriteAPDPReg(AP reg 0x03, 0x0000038A)
T126DC 000:506.721 - 1.007ms returns 0
T126DC 000:506.740 JLINK_CORESIGHT_WriteAPDPReg(AP reg 0x00, 0x80000002)
T126DC 000:507.279 - 0.538ms returns 0
T126DC 000:507.294 JLINK_CORESIGHT_WriteAPDPReg(AP reg 0x01, 0x80011140)
T126DC 000:508.279 - 0.985ms returns 0
T126DC 000:508.296 JLINK_CORESIGHT_ReadAPDPReg(AP reg 0x03)
T126DC 000:508.699   Value=0x00000000
T126DC 000:508.709 - 0.413ms returns 0
T126DC 000:508.722 JLINK_CORESIGHT_WriteAPDPReg(AP reg 0x00, 0x80000002)
T126DC 000:509.278 - 0.556ms returns 0
T126DC 000:509.292 JLINK_CORESIGHT_WriteAPDPReg(AP reg 0x01, 0x80011130)
T126DC 000:509.699 - 0.407ms returns 0
T126DC 000:509.714 JLINK_CORESIGHT_ReadAPDPReg(AP reg 0x03)
T126DC 000:510.281   Value=0x75020081
T126DC 000:510.300 - 0.586ms returns 0
T126DC 000:510.701 JLINK_CORESIGHT_WriteAPDPReg(AP reg 0x00, 0x80000002)
T126DC 000:511.378 - 0.676ms returns 0
T126DC 000:511.398 JLINK_CORESIGHT_WriteAPDPReg(AP reg 0x01, 0x80011140)
T126DC 000:511.698 - 0.300ms returns 0
T126DC 000:511.712 JLINK_CORESIGHT_ReadAPDPReg(AP reg 0x03)
T126DC 000:512.695   Value=0x00000000
T126DC 000:512.705 - 0.993ms returns 0
T126DC 000:512.712 JLINK_CORESIGHT_WriteAPDPReg(AP reg 0x00, 0x80000002)
T126DC 000:513.699 - 0.986ms returns 0
T126DC 000:513.710 JLINK_CORESIGHT_WriteAPDPReg(AP reg 0x01, 0x80011130)
T126DC 000:514.282 - 0.571ms returns 0
T126DC 000:514.300 JLINK_CORESIGHT_ReadAPDPReg(AP reg 0x03)
T126DC 000:514.698   Value=0x00038702
T126DC 000:514.709 - 0.409ms returns 0
T126DC 000:514.722 JLINK_CORESIGHT_WriteAPDPReg(AP reg 0x00, 0x80000002)
T126DC 000:515.280 - 0.557ms returns 0
T126DC 000:515.291 JLINK_CORESIGHT_WriteAPDPReg(AP reg 0x01, 0x80011140)
T126DC 000:515.697 - 0.405ms returns 0
T126DC 000:515.708 JLINK_CORESIGHT_ReadAPDPReg(AP reg 0x03)
T126DC 000:516.277   Value=0x00000002
T126DC 000:516.292 - 0.584ms returns 0
T126DC 000:516.300 JLINK_CORESIGHT_WriteAPDPReg(AP reg 0x00, 0x80000002)
T126DC 000:516.711 - 0.410ms returns 0
T126DC 000:516.724 JLINK_CORESIGHT_WriteAPDPReg(AP reg 0x01, 0x80011120)
T126DC 000:517.276 - 0.551ms returns 0
T126DC 000:517.284 JLINK_CORESIGHT_WriteAPDPReg(AP reg 0x03, 0x4F010001)
T126DC 000:517.700 - 0.416ms returns 0
T126DC 000:517.713 JLINK_CORESIGHT_WriteAPDPReg(AP reg 0x00, 0x80000002)
T126DC 000:518.276 - 0.563ms returns 0
T126DC 000:518.284 JLINK_CORESIGHT_WriteAPDPReg(AP reg 0x01, 0x80011140)
T126DC 000:518.698 - 0.414ms returns 0
T126DC 000:518.707 JLINK_CORESIGHT_ReadAPDPReg(AP reg 0x03)
T126DC 000:519.275   Value=0x00000002
T126DC 000:519.283 - 0.576ms returns 0
T126DC 000:519.290 JLINK_CORESIGHT_WriteAPDPReg(AP reg 0x00, 0x80000002)
T126DC 000:519.698 - 0.408ms returns 0
T126DC 000:519.709 JLINK_CORESIGHT_WriteAPDPReg(AP reg 0x01, 0x80011120)
T126DC 000:520.277 - 0.568ms returns 0
T126DC 000:520.287 JLINK_CORESIGHT_WriteAPDPReg(AP reg 0x03, 0x000003B0)
T126DC 000:520.698 - 0.411ms returns 0
T126DC 000:520.709 JLINK_CORESIGHT_WriteAPDPReg(AP reg 0x00, 0x80000002)
T126DC 000:521.701 - 0.992ms returns 0
T126DC 000:521.711 JLINK_CORESIGHT_WriteAPDPReg(AP reg 0x01, 0x80011140)
T126DC 000:522.699 - 0.987ms returns 0
T126DC 000:522.710 JLINK_CORESIGHT_ReadAPDPReg(AP reg 0x03)
T126DC 000:523.278   Value=0x00000000
T126DC 000:523.289 - 0.579ms returns 0
T126DC 000:523.297 JLINK_CORESIGHT_WriteAPDPReg(AP reg 0x00, 0x80000002)
T126DC 000:523.698 - 0.401ms returns 0
T126DC 000:523.710 JLINK_CORESIGHT_WriteAPDPReg(AP reg 0x01, 0x80011130)
T126DC 000:524.278 - 0.568ms returns 0
T126DC 000:524.288 JLINK_CORESIGHT_ReadAPDPReg(AP reg 0x03)
T126DC 000:524.696   Value=0x4F0B0081
T126DC 000:524.708 - 0.419ms returns 0
T126DC 000:524.716 JLINK_CORESIGHT_WriteAPDPReg(AP reg 0x00, 0x80000002)
T126DC 000:526.701 - 1.985ms returns 0
T126DC 000:526.716 JLINK_CORESIGHT_WriteAPDPReg(AP reg 0x01, 0x80011140)
T126DC 000:527.278 - 0.562ms returns 0
T126DC 000:527.290 JLINK_CORESIGHT_ReadAPDPReg(AP reg 0x03)
T126DC 000:527.709   Value=0x00000000
T126DC 000:527.722 - 0.432ms returns 0
T126DC 000:527.730 JLINK_CORESIGHT_WriteAPDPReg(AP reg 0x00, 0x80000002)
T126DC 000:528.279 - 0.549ms returns 0
T126DC 000:528.293 JLINK_CORESIGHT_WriteAPDPReg(AP reg 0x01, 0x80011130)
T126DC 000:531.280 - 2.987ms returns 0
T126DC 000:531.296 JLINK_CORESIGHT_ReadAPDPReg(AP reg 0x03)
T126DC 000:531.696   Value=0x20000000
T126DC 000:531.707 - 0.411ms returns 0
T126DC 000:531.715 JLINK_CORESIGHT_WriteAPDPReg(AP reg 0x00, 0x80000002)
T126DC 000:532.277 - 0.562ms returns 0
T126DC 000:532.287 JLINK_CORESIGHT_WriteAPDPReg(AP reg 0x01, 0x80011140)
T126DC 000:532.697 - 0.410ms returns 0
T126DC 000:532.708 JLINK_CORESIGHT_ReadAPDPReg(AP reg 0x03)
T126DC 000:533.277   Value=0x00000000
T126DC 000:533.287 - 0.579ms returns 0
T126DC 000:533.295 JLINK_CORESIGHT_WriteAPDPReg(AP reg 0x00, 0x80000002)
T126DC 000:535.700 - 2.405ms returns 0
T126DC 000:535.715 JLINK_CORESIGHT_WriteAPDPReg(AP reg 0x01, 0x80011130)
T126DC 000:536.282 - 0.567ms returns 0
T126DC 000:536.306 JLINK_CORESIGHT_ReadAPDPReg(AP reg 0x03)
T126DC 000:536.698   Value=0x00000000
T126DC 000:536.706 - 0.400ms returns 0
T126DC 000:536.716 JLINK_CORESIGHT_WriteAPDPReg(AP reg 0x00, 0x80000002)
T126DC 000:537.700 - 0.983ms returns 0
T126DC 000:537.719 JLINK_CORESIGHT_WriteAPDPReg(AP reg 0x01, 0x80011140)
T126DC 000:538.278 - 0.558ms returns 0
T126DC 000:538.294 JLINK_CORESIGHT_ReadAPDPReg(AP reg 0x03)
T126DC 000:539.278   Value=0x00000000
T126DC 000:539.289 - 0.995ms returns 0
T126DC 000:539.302 JLINK_CORESIGHT_WriteAPDPReg(AP reg 0x00, 0x80000002)
T126DC 000:539.699 - 0.396ms returns 0
T126DC 000:539.714 JLINK_CORESIGHT_WriteAPDPReg(AP reg 0x01, 0x80011130)
T126DC 000:540.700 - 0.985ms returns 0
T126DC 000:540.716 JLINK_CORESIGHT_ReadAPDPReg(AP reg 0x03)
T126DC 000:541.278   Value=0x03860000
T126DC 000:541.292 - 0.575ms returns 0
T126DC 000:541.574 JLINK_CORESIGHT_ReadAPDPReg(DP reg 0x01)
T126DC 000:542.283   Value=0xF0000F40
T126DC 000:542.293 - 0.719ms returns 0
T126DC 000:542.299 JLINK_CORESIGHT_WriteAPDPReg(DP reg 0x01, 0xA0000F40)
T126DC 000:542.697 - 0.397ms returns 0
T126DC 000:542.708 JLINK_CORESIGHT_ReadAPDPReg(DP reg 0x01)
T126DC 000:543.280   Value=0x00000F40
T126DC 000:543.293 - 0.585ms returns 0
T126DC 000:543.302 JLINK_ClrRESET()
T126DC 000:543.696 - 0.394ms 
T126DC 000:647.557 JLINK_Close()
T126DC 000:660.717 - 13.159ms
T126DC 000:660.748   
T126DC 000:660.755   Closed
